============================= test session starts =============================
platform win32 -- Python 3.13.3, pytest-9.0.2, pluggy-1.6.0 -- E:\Coding\Manipal Dot Net\EcommerceFresh\venv\Scripts\python.exe
cachedir: .pytest_cache
rootdir: E:\Coding\Manipal Dot Net\EcommerceFresh
plugins: anyio-4.12.1
collecting ... collected 0 items / 1 error

=================================== ERRORS ====================================
_____________________ ERROR collecting tests/test_main.py _____________________
ImportError while importing test module 'E:\Coding\Manipal Dot Net\EcommerceFresh\tests\test_main.py'.
Hint: make sure your test modules/packages have valid Python names.
Traceback:
C:\Python313\Lib\importlib\__init__.py:88: in import_module
    return _bootstrap._gcd_import(name[level:], package, level)
           ^^^^^^^^^^^^^^^^^^^^^^^^^^^^^^^^^^^^^^^^^^^^^^^^^^^^
tests\test_main.py:8: in <module>
    from app.main import app
app\main.py:6: in <module>
    from app.routers import auth, products, categories, cart, orders, reviews, coupons, shipping
app\routers\auth.py:6: in <module>
    from app.models import User
app\models.py:5: in <module>
    from database import Base
E   ModuleNotFoundError: No module named 'database'
============================== warnings summary ===============================
app\database.py:8
  E:\Coding\Manipal Dot Net\EcommerceFresh\app\database.py:8: MovedIn20Warning: The ``declarative_base()`` function is now available as sqlalchemy.orm.declarative_base(). (deprecated since: 2.0) (Background on SQLAlchemy 2.0 at: https://sqlalche.me/e/b8d9)
    Base = declarative_base()

-- Docs: https://docs.pytest.org/en/stable/how-to/capture-warnings.html
=========================== short test summary info ===========================
ERROR tests/test_main.py
!!!!!!!!!!!!!!!!!!! Interrupted: 1 error during collection !!!!!!!!!!!!!!!!!!!!
========================= 1 warning, 1 error in 1.78s =========================
