============================= test session starts =============================
platform win32 -- Python 3.13.3, pytest-9.0.2, pluggy-1.6.0 -- E:\Coding\Manipal Dot Net\EcommerceFresh\venv\Scripts\python.exe
cachedir: .pytest_cache
rootdir: E:\Coding\Manipal Dot Net\EcommerceFresh
plugins: anyio-4.12.1
collecting ... collected 0 items / 1 error

=================================== ERRORS ====================================
_____________________ ERROR collecting tests/test_main.py _____________________
ImportError while importing test module 'E:\Coding\Manipal Dot Net\EcommerceFresh\tests\test_main.py'.
Hint: make sure your test modules/packages have valid Python names.
Traceback:
venv\Lib\site-packages\pydantic\networks.py:965: in import_email_validator
    import email_validator
E   ModuleNotFoundError: No module named 'email_validator'

The above exception was the direct cause of the following exception:
C:\Python313\Lib\importlib\__init__.py:88: in import_module
    return _bootstrap._gcd_import(name[level:], package, level)
           ^^^^^^^^^^^^^^^^^^^^^^^^^^^^^^^^^^^^^^^^^^^^^^^^^^^^
tests\test_main.py:8: in <module>
    from app.main import app
app\main.py:6: in <module>
    from app.routers import auth, products, categories, cart, orders, reviews, coupons, shipping
app\routers\auth.py:7: in <module>
    from app.schemas import UserCreate, UserLogin, TokenResponse, UserResponse
app\schemas.py:7: in <module>
    class UserCreate(BaseModel):
venv\Lib\site-packages\pydantic\_internal\_model_construction.py:255: in __new__
    complete_model_class(
venv\Lib\site-packages\pydantic\_internal\_model_construction.py:648: in complete_model_class
    schema = gen_schema.generate_schema(cls)
             ^^^^^^^^^^^^^^^^^^^^^^^^^^^^^^^
venv\Lib\site-packages\pydantic\_internal\_generate_schema.py:729: in generate_schema
    schema = self._generate_schema_inner(obj)
             ^^^^^^^^^^^^^^^^^^^^^^^^^^^^^^^^
venv\Lib\site-packages\pydantic\_internal\_generate_schema.py:1023: in _generate_schema_inner
    return self._model_schema(obj)
           ^^^^^^^^^^^^^^^^^^^^^^^
venv\Lib\site-packages\pydantic\_internal\_generate_schema.py:856: in _model_schema
    {k: self._generate_md_field_schema(k, v, decorators) for k, v in fields.items()},
        ^^^^^^^^^^^^^^^^^^^^^^^^^^^^^^^^^^^^^^^^^^^^^^^^
venv\Lib\site-packages\pydantic\_internal\_generate_schema.py:1228: in _generate_md_field_schema
    schema, metadata = self._common_field_schema(name, field_info, decorators)
                       ^^^^^^^^^^^^^^^^^^^^^^^^^^^^^^^^^^^^^^^^^^^^^^^^^^^^^^^
venv\Lib\site-packages\pydantic\_internal\_generate_schema.py:1282: in _common_field_schema
    schema = self._apply_annotations(
venv\Lib\site-packages\pydantic\_internal\_generate_schema.py:2227: in _apply_annotations
    schema = get_inner_schema(source_type)
             ^^^^^^^^^^^^^^^^^^^^^^^^^^^^^
venv\Lib\site-packages\pydantic\_internal\_schema_generation_shared.py:83: in __call__
    schema = self._handler(source_type)
             ^^^^^^^^^^^^^^^^^^^^^^^^^^
venv\Lib\site-packages\pydantic\_internal\_generate_schema.py:2203: in inner_handler
    schema = self._generate_schema_from_get_schema_method(obj, source_type)
             ^^^^^^^^^^^^^^^^^^^^^^^^^^^^^^^^^^^^^^^^^^^^^^^^^^^^^^^^^^^^^^
venv\Lib\site-packages\pydantic\_internal\_generate_schema.py:919: in _generate_schema_from_get_schema_method
    schema = get_schema(
venv\Lib\site-packages\pydantic\networks.py:1005: in __get_pydantic_core_schema__
    import_email_validator()
venv\Lib\site-packages\pydantic\networks.py:967: in import_email_validator
    raise ImportError("email-validator is not installed, run `pip install 'pydantic[email]'`") from e
E   ImportError: email-validator is not installed, run `pip install 'pydantic[email]'`
============================== warnings summary ===============================
app\database.py:8
  E:\Coding\Manipal Dot Net\EcommerceFresh\app\database.py:8: MovedIn20Warning: The ``declarative_base()`` function is now available as sqlalchemy.orm.declarative_base(). (deprecated since: 2.0) (Background on SQLAlchemy 2.0 at: https://sqlalche.me/e/b8d9)
    Base = declarative_base()

-- Docs: https://docs.pytest.org/en/stable/how-to/capture-warnings.html
=========================== short test summary info ===========================
ERROR tests/test_main.py
!!!!!!!!!!!!!!!!!!! Interrupted: 1 error during collection !!!!!!!!!!!!!!!!!!!!
========================= 1 warning, 1 error in 1.36s =========================
